<?xml version="1.0" encoding="UTF-8"?>
<!-- Generated by org.testng.reporters.JUnitXMLReporter -->
<testsuite ignored="3" hostname="Kunals-MacBook-Pro.local" failures="0" tests="2" name="Testcase Externalization" time="0.017" errors="0" timestamp="13 Dec 2020 10:34:02 GMT">
  <testcase classname="com.gtr.externalize.testcases.LoginPageTestCase" name="login" time="0.002"/>
  <testcase classname="com.gtr.externalize.testcases.SignupPageTestCase" name="performSignup" time="0.0"/>
  <testcase classname="com.gtr.externalize.testcases.SignupPageTestCase" name="validatePasswordRequirement" time="0.0">
    <ignored/>
  </testcase> <!-- validatePasswordRequirement -->
  <testcase classname="com.gtr.externalize.testcases.LoginPageTestCase" name="forgotUsername" time="0.0">
    <ignored/>
  </testcase> <!-- forgotUsername -->
  <testcase classname="com.gtr.externalize.testcases.LoginPageTestCase" name="forgotPassword" time="0.0">
    <ignored/>
  </testcase> <!-- forgotPassword -->
</testsuite> <!-- Testcase Externalization -->
