<?xml version="1.0" encoding="UTF-8"?>
<testng-results ignored="3" total="5" passed="2" failed="0" skipped="0">
  <reporter-output>
  </reporter-output>
  <suite started-at="2020-12-13T10:34:02Z" name="Runtime TestNG" finished-at="2020-12-13T10:34:02Z" duration-ms="17">
    <groups>
    </groups>
    <test started-at="2020-12-13T10:34:02Z" name="Testcase Externalization" finished-at="2020-12-13T10:34:02Z" duration-ms="17">
      <class name="com.gtr.externalize.testcases.SignupPageTestCase">
        <test-method signature="performSignup()[pri:0, instance:com.gtr.externalize.testcases.SignupPageTestCase@3b79fd76]" started-at="2020-12-13T10:34:02Z" name="performSignup" finished-at="2020-12-13T10:34:02Z" duration-ms="0" status="PASS">
          <reporter-output>
          </reporter-output>
        </test-method> <!-- performSignup -->
      </class> <!-- com.gtr.externalize.testcases.SignupPageTestCase -->
      <class name="com.gtr.externalize.testcases.LoginPageTestCase">
        <test-method signature="login()[pri:0, instance:com.gtr.externalize.testcases.LoginPageTestCase@48c76607]" started-at="2020-12-13T10:34:02Z" name="login" finished-at="2020-12-13T10:34:02Z" duration-ms="2" status="PASS">
          <reporter-output>
          </reporter-output>
        </test-method> <!-- login -->
      </class> <!-- com.gtr.externalize.testcases.LoginPageTestCase -->
    </test> <!-- Testcase Externalization -->
  </suite> <!-- Runtime TestNG -->
</testng-results>
